start: changeSymbols
accept: ac
reject: rj
blank: _
 
changeSymbols 1 -> changeSymbols o >
changeSymbols 0 -> changeSymbols z >
changeSymbols _ -> move _ <
 
move 1 -> move 1 <
move 0 -> move 0 <
move 1' -> move 1' <
move 0' -> move 0' <
move _ -> validate _ >
move o -> addOne 1 >
move z -> addZero 0 >
 
addOne 1 -> addOne 1 >
addOne 0 -> addOne 0 >
addOne 0' -> addOne 0' >
addOne 1' -> addOne 1' >
addOne _ -> move 1' <
 
addZero 1 -> addZero 1 >
addZero 0 -> addZero 0 >
addZero 0' -> addZero 0' >
addZero 1' -> addZero 1' >
addZero _ -> move 0' <

validate 1 -> validate _ >
validate 0 -> validate _ >
validate 0' -> validate 0 >
validate 1' -> validate 1 >
validate _ -> toStart _ <

toStart 0 -> toStart 0 <
toStart 1 -> toStart 1 <
toStart _ -> ac _ >